<?xml version="1.0" encoding="UTF-8"?>
<!-- Generated by org.testng.reporters.JUnitReportReporter -->
<testsuite hostname="DESKTOP-QH61F7B" failures="0" tests="1" name="main.CommentTest" time="10.790" errors="0" timestamp="2020-10-06T15:25:27 CEST" skipped="0">
  <testcase classname="main.CommentTest" name="baseCommentTest" time="10.790"/>
  <system-out/>
</testsuite> <!-- main.CommentTest -->
