<?xml version="1.0" encoding="UTF-8"?>
<!-- Generated by org.testng.reporters.JUnitReportReporter -->
<testsuite hostname="DESKTOP-QH61F7B" failures="0" tests="3" name="main.HomePage" time="15.291" errors="0" timestamp="2020-10-02T21:12:14 CEST" skipped="0">
  <testcase classname="main.HomePage" name="basePageRegister" time="5.141"/>
  <system-out/>
  <testcase classname="main.HomePage" name="basePageRegister" time="4.715"/>
  <system-out/>
  <testcase classname="main.HomePage" name="basePageRegister" time="5.435"/>
  <system-out/>
</testsuite> <!-- main.HomePage -->
