<?xml version="1.0" encoding="UTF-8"?>
<!-- Generated by org.testng.reporters.JUnitReportReporter -->
<testsuite hostname="DESKTOP-QH61F7B" failures="0" tests="1" name="selenium.ValidateNavbar" time="0.077" errors="0" timestamp="2020-10-07T00:31:10 CEST" skipped="0">
  <testcase classname="selenium.ValidateNavbar" name="validateNavBar" time="0.077"/>
  <system-out/>
</testsuite> <!-- selenium.ValidateNavbar -->
