<?xml version="1.0" encoding="UTF-8"?>
<!-- Generated by org.testng.reporters.JUnitReportReporter -->
<testsuite hostname="DESKTOP-QH61F7B" failures="0" tests="1" name="main.LikeTest" time="12.606" errors="0" timestamp="2020-10-06T15:25:27 CEST" skipped="0">
  <testcase classname="main.LikeTest" name="baseLikeTest" time="12.606"/>
  <system-out/>
</testsuite> <!-- main.LikeTest -->
