<?xml version="1.0" encoding="UTF-8"?>
<!-- Generated by org.testng.reporters.JUnitReportReporter -->
<testsuite hostname="DESKTOP-QH61F7B" failures="0" tests="3" name="main.HomePage" time="15.573" errors="0" timestamp="2020-09-30T20:42:51 CEST" skipped="0">
  <testcase classname="main.HomePage" name="basePageNavigation" time="4.951"/>
  <system-out/>
  <testcase classname="main.HomePage" name="basePageNavigation" time="5.708"/>
  <system-out/>
  <testcase classname="main.HomePage" name="basePageNavigation" time="4.914"/>
  <system-out/>
</testsuite> <!-- main.HomePage -->
